The system is: Windows - 10.0.19042 - AMD64
Compiling the C compiler identification source file "CMakeCCompilerId.c" succeeded.
Compiler:  
Build flags: 
Id flags:  

The output was:
0
.NET Framework 向け Microsoft (R) Build Engine バージョン 16.8.3+39993bd9d
Copyright (C) Microsoft Corporation.All rights reserved.

2021/02/21 14:41:30 にビルドを開始しました。
ノード 1 上のプロジェクト "C:\Users\YumaTaesu\Desktop\tasktest\libs\glfw-3.3.2\build\CMakeFiles\3.20.0-rc1\CompilerIdC\CompilerIdC.vcxproj" (既定のターゲット)。
PrepareForBuild:
  ディレクトリ "Debug\" を作成しています。
  ディレクトリ "Debug\CompilerIdC.tlog\" を作成しています。
InitializeBuildStatus:
  "AlwaysCreate" が指定されたため "Debug\CompilerIdC.tlog\unsuccessfulbuild" を作成しています。
ClCompile:
  C:\Program Files (x86)\Microsoft Visual Studio\2019\BuildTools\VC\Tools\MSVC\14.28.29333\bin\HostX64\x64\CL.exe /c /nologo /W0 /WX- /diagnostics:column /Od /D _MBCS /Gm- /EHsc /RTC1 /MDd /GS /fp:precise /Zc:wchar_t /Zc:forScope /Zc:inline /Fo"Debug\\" /Fd"Debug\vc142.pdb" /Gd /TC /FC /errorReport:queue CMakeCCompilerId.c
  CMakeCCompilerId.c
Link:
  C:\Program Files (x86)\Microsoft Visual Studio\2019\BuildTools\VC\Tools\MSVC\14.28.29333\bin\HostX64\x64\link.exe /ERRORREPORT:QUEUE /OUT:".\CompilerIdC.exe" /INCREMENTAL:NO /NOLOGO kernel32.lib user32.lib gdi32.lib winspool.lib comdlg32.lib advapi32.lib shell32.lib ole32.lib oleaut32.lib uuid.lib odbc32.lib odbccp32.lib /MANIFEST /MANIFESTUAC:"level='asInvoker' uiAccess='false'" /manifest:embed /PDB:".\CompilerIdC.pdb" /SUBSYSTEM:CONSOLE /TLBID:1 /DYNAMICBASE /NXCOMPAT /IMPLIB:".\CompilerIdC.lib" /MACHINE:X64 Debug\CMakeCCompilerId.obj
  CompilerIdC.vcxproj -> C:\Users\YumaTaesu\Desktop\tasktest\libs\glfw-3.3.2\build\CMakeFiles\3.20.0-rc1\CompilerIdC\CompilerIdC.exe
PostBuildEvent:
  for %%i in (cl.exe) do @echo CMAKE_C_COMPILER=%%~$PATH:i
  :VCEnd
  CMAKE_C_COMPILER=C:\Program Files (x86)\Microsoft Visual Studio\2019\BuildTools\VC\Tools\MSVC\14.28.29333\bin\Hostx64\x64\cl.exe
FinalizeBuildStatus:
  ファイル "Debug\CompilerIdC.tlog\unsuccessfulbuild" を削除しています。
  "Debug\CompilerIdC.tlog\CompilerIdC.lastbuildstate" のタッチ タスクを実行しています。
プロジェクト "C:\Users\YumaTaesu\Desktop\tasktest\libs\glfw-3.3.2\build\CMakeFiles\3.20.0-rc1\CompilerIdC\CompilerIdC.vcxproj" (既定のターゲット) のビルドが完了しました。

ビルドに成功しました。
    0 個の警告
    0 エラー

経過時間 00:00:00.92


Compilation of the C compiler identification source "CMakeCCompilerId.c" produced "CompilerIdC.exe"

Compilation of the C compiler identification source "CMakeCCompilerId.c" produced "CompilerIdC.vcxproj"

The C compiler identification is MSVC, found in "C:/Users/YumaTaesu/Desktop/tasktest/libs/glfw-3.3.2/build/CMakeFiles/3.20.0-rc1/CompilerIdC/CompilerIdC.exe"

Detecting C compiler ABI info compiled with the following output:
Change Dir: C:/Users/YumaTaesu/Desktop/tasktest/libs/glfw-3.3.2/build/CMakeFiles/CMakeTmp

Run Build Command(s):C:/Program Files (x86)/Microsoft Visual Studio/2019/BuildTools/MSBuild/Current/Bin/MSBuild.exe cmTC_47451.vcxproj /p:Configuration=Debug /p:Platform=x64 /p:VisualStudioVersion=16.0 /v:m && .NET Framework 向け Microsoft (R) Build Engine バージョン 16.8.3+39993bd9d
Copyright (C) Microsoft Corporation.All rights reserved.

  Microsoft(R) C/C++ Optimizing Compiler Version 19.28.29336 for x64
  Copyright (C) Microsoft Corporation.  All rights reserved.
  CMakeCCompilerABI.c
  cl /c /Zi /W3 /WX- /diagnostics:column /Od /Ob0 /D WIN32 /D _WINDOWS /D "CMAKE_INTDIR=\"Debug\"" /D _MBCS /Gm- /RTC1 /MDd /GS /fp:precise /Zc:wchar_t /Zc:forScope /Zc:inline /Fo"cmTC_47451.dir\Debug\\" /Fd"cmTC_47451.dir\Debug\vc142.pdb" /Gd /TC /errorReport:queue "C:\Program Files (x86)\CMake\share\cmake-3.20\Modules\CMakeCCompilerABI.c"
  cmTC_47451.vcxproj -> C:\Users\YumaTaesu\Desktop\tasktest\libs\glfw-3.3.2\build\CMakeFiles\CMakeTmp\Debug\cmTC_47451.exe



